{"C:\\Users\\Zayaan\\Documents\\Uni\\3rdYear\\SoftwareDevelopment\\SkillVerse Project\\freelancer-management-platform\\backend\\server.js": {"path":"C:\\Users\\Zayaan\\Documents\\Uni\\3rdYear\\SoftwareDevelopment\\SkillVerse Project\\freelancer-management-platform\\backend\\server.js","statementMap":{"0":{"start":{"line":1,"column":0},"end":{"line":1,"column":27}},"1":{"start":{"line":2,"column":16},"end":{"line":2,"column":34}},"2":{"start":{"line":3,"column":19},"end":{"line":3,"column":50}},"3":{"start":{"line":4,"column":22},"end":{"line":4,"column":57}},"4":{"start":{"line":5,"column":22},"end":{"line":5,"column":50}},"5":{"start":{"line":7,"column":19},"end":{"line":7,"column":50}},"6":{"start":{"line":8,"column":16},"end":{"line":8,"column":42}},"7":{"start":{"line":9,"column":17},"end":{"line":9,"column":36}},"8":{"start":{"line":10,"column":13},"end":{"line":10,"column":28}},"9":{"start":{"line":11,"column":29},"end":{"line":11,"column":71}},"10":{"start":{"line":12,"column":22},"end":{"line":12,"column":56}},"11":{"start":{"line":13,"column":26},"end":{"line":13,"column":64}},"12":{"start":{"line":14,"column":19},"end":{"line":14,"column":43}},"13":{"start":{"line":17,"column":12},"end":{"line":17,"column":21}},"14":{"start":{"line":21,"column":0},"end":{"line":23,"column":1}},"15":{"start":{"line":22,"column":2},"end":{"line":22,"column":28}},"16":{"start":{"line":26,"column":14},"end":{"line":29,"column":2}},"17":{"start":{"line":31,"column":0},"end":{"line":39,"column":2}},"18":{"start":{"line":41,"column":0},"end":{"line":41,"column":24}},"19":{"start":{"line":45,"column":0},"end":{"line":61,"column":2}},"20":{"start":{"line":63,"column":0},"end":{"line":63,"column":31}},"21":{"start":{"line":64,"column":0},"end":{"line":64,"column":28}},"22":{"start":{"line":67,"column":0},"end":{"line":67,"column":29}},"23":{"start":{"line":68,"column":0},"end":{"line":68,"column":30}},"24":{"start":{"line":69,"column":0},"end":{"line":69,"column":48}},"25":{"start":{"line":72,"column":0},"end":{"line":72,"column":36}},"26":{"start":{"line":75,"column":0},"end":{"line":75,"column":55}},"27":{"start":{"line":77,"column":13},"end":{"line":77,"column":37}},"28":{"start":{"line":79,"column":0},"end":{"line":82,"column":3}},"29":{"start":{"line":80,"column":2},"end":{"line":80,"column":14}},"30":{"start":{"line":81,"column":2},"end":{"line":81,"column":48}},"31":{"start":{"line":84,"column":0},"end":{"line":84,"column":21}}},"fnMap":{"0":{"name":"(anonymous_0)","decl":{"start":{"line":79,"column":17},"end":{"line":79,"column":18}},"loc":{"start":{"line":79,"column":23},"end":{"line":82,"column":1}},"line":79}},"branchMap":{"0":{"loc":{"start":{"line":21,"column":0},"end":{"line":23,"column":1}},"type":"if","locations":[{"start":{"line":21,"column":0},"end":{"line":23,"column":1}},{"start":{},"end":{}}],"line":21},"1":{"loc":{"start":{"line":34,"column":6},"end":{"line":36,"column":33}},"type":"cond-expr","locations":[{"start":{"line":35,"column":10},"end":{"line":35,"column":34}},{"start":{"line":36,"column":10},"end":{"line":36,"column":33}}],"line":34},"2":{"loc":{"start":{"line":52,"column":16},"end":{"line":52,"column":70}},"type":"cond-expr","locations":[{"start":{"line":52,"column":56},"end":{"line":52,"column":62}},{"start":{"line":52,"column":65},"end":{"line":52,"column":70}}],"line":52},"3":{"loc":{"start":{"line":77,"column":13},"end":{"line":77,"column":37}},"type":"binary-expr","locations":[{"start":{"line":77,"column":13},"end":{"line":77,"column":29}},{"start":{"line":77,"column":33},"end":{"line":77,"column":37}}],"line":77}},"s":{"0":1,"1":1,"2":1,"3":1,"4":1,"5":1,"6":1,"7":1,"8":1,"9":1,"10":1,"11":1,"12":1,"13":1,"14":1,"15":0,"16":1,"17":1,"18":1,"19":1,"20":1,"21":1,"22":1,"23":1,"24":1,"25":1,"26":1,"27":1,"28":1,"29":1,"30":1,"31":1},"f":{"0":1},"b":{"0":[0,1],"1":[0,1],"2":[0,1],"3":[1,0]},"_coverageSchema":"1a1c01bbd47fc00a2c39e90264f33305004495a9","hash":"400e4790cf10a3b2476f459cd68df2067dbedb7c"}
,"C:\\Users\\Zayaan\\Documents\\Uni\\3rdYear\\SoftwareDevelopment\\SkillVerse Project\\freelancer-management-platform\\backend\\configs\\db-conn.js": {"path":"C:\\Users\\Zayaan\\Documents\\Uni\\3rdYear\\SoftwareDevelopment\\SkillVerse Project\\freelancer-management-platform\\backend\\configs\\db-conn.js","statementMap":{"0":{"start":{"line":3,"column":25},"end":{"line":11,"column":1}},"1":{"start":{"line":4,"column":2},"end":{"line":10,"column":3}},"2":{"start":{"line":5,"column":17},"end":{"line":5,"column":62}},"3":{"start":{"line":6,"column":4},"end":{"line":6,"column":62}},"4":{"start":{"line":8,"column":4},"end":{"line":8,"column":35}},"5":{"start":{"line":9,"column":4},"end":{"line":9,"column":20}}},"fnMap":{"0":{"name":"(anonymous_0)","decl":{"start":{"line":3,"column":25},"end":{"line":3,"column":26}},"loc":{"start":{"line":3,"column":37},"end":{"line":11,"column":1}},"line":3}},"branchMap":{},"s":{"0":0,"1":0,"2":0,"3":0,"4":0,"5":0},"f":{"0":0},"b":{}}
,"C:\\Users\\Zayaan\\Documents\\Uni\\3rdYear\\SoftwareDevelopment\\SkillVerse Project\\freelancer-management-platform\\backend\\configs\\passport-setup.js": {"path":"C:\\Users\\Zayaan\\Documents\\Uni\\3rdYear\\SoftwareDevelopment\\SkillVerse Project\\freelancer-management-platform\\backend\\configs\\passport-setup.js","statementMap":{"0":{"start":{"line":1,"column":17},"end":{"line":1,"column":36}},"1":{"start":{"line":2,"column":23},"end":{"line":2,"column":57}},"2":{"start":{"line":3,"column":13},"end":{"line":3,"column":38}},"3":{"start":{"line":5,"column":0},"end":{"line":7,"column":3}},"4":{"start":{"line":6,"column":2},"end":{"line":6,"column":22}},"5":{"start":{"line":9,"column":0},"end":{"line":13,"column":3}},"6":{"start":{"line":10,"column":2},"end":{"line":12,"column":5}},"7":{"start":{"line":11,"column":4},"end":{"line":11,"column":21}},"8":{"start":{"line":16,"column":21},"end":{"line":16,"column":72}},"9":{"start":{"line":17,"column":17},"end":{"line":17,"column":54}},"10":{"start":{"line":21,"column":2},"end":{"line":23,"column":50}},"11":{"start":{"line":25,"column":0},"end":{"line":54,"column":2}},"12":{"start":{"line":33,"column":6},"end":{"line":51,"column":7}},"13":{"start":{"line":34,"column":29},"end":{"line":34,"column":73}},"14":{"start":{"line":36,"column":8},"end":{"line":47,"column":9}},"15":{"start":{"line":37,"column":10},"end":{"line":37,"column":55}},"16":{"start":{"line":38,"column":10},"end":{"line":38,"column":42}},"17":{"start":{"line":40,"column":26},"end":{"line":43,"column":12}},"18":{"start":{"line":44,"column":10},"end":{"line":44,"column":31}},"19":{"start":{"line":45,"column":10},"end":{"line":45,"column":54}},"20":{"start":{"line":46,"column":10},"end":{"line":46,"column":37}},"21":{"start":{"line":49,"column":8},"end":{"line":49,"column":67}},"22":{"start":{"line":50,"column":8},"end":{"line":50,"column":33}}},"fnMap":{"0":{"name":"(anonymous_0)","decl":{"start":{"line":5,"column":23},"end":{"line":5,"column":24}},"loc":{"start":{"line":5,"column":39},"end":{"line":7,"column":1}},"line":5},"1":{"name":"(anonymous_1)","decl":{"start":{"line":9,"column":25},"end":{"line":9,"column":26}},"loc":{"start":{"line":9,"column":39},"end":{"line":13,"column":1}},"line":9},"2":{"name":"(anonymous_2)","decl":{"start":{"line":10,"column":25},"end":{"line":10,"column":26}},"loc":{"start":{"line":10,"column":35},"end":{"line":12,"column":3}},"line":10},"3":{"name":"(anonymous_3)","decl":{"start":{"line":32,"column":4},"end":{"line":32,"column":5}},"loc":{"start":{"line":32,"column":56},"end":{"line":52,"column":5}},"line":32}},"branchMap":{"0":{"loc":{"start":{"line":16,"column":21},"end":{"line":16,"column":72}},"type":"binary-expr","locations":[{"start":{"line":16,"column":21},"end":{"line":16,"column":45}},{"start":{"line":16,"column":49},"end":{"line":16,"column":72}}],"line":16},"1":{"loc":{"start":{"line":17,"column":17},"end":{"line":17,"column":54}},"type":"binary-expr","locations":[{"start":{"line":17,"column":17},"end":{"line":17,"column":37}},{"start":{"line":17,"column":41},"end":{"line":17,"column":54}}],"line":17},"2":{"loc":{"start":{"line":21,"column":2},"end":{"line":23,"column":50}},"type":"cond-expr","locations":[{"start":{"line":22,"column":6},"end":{"line":22,"column":73}},{"start":{"line":23,"column":6},"end":{"line":23,"column":50}}],"line":21},"3":{"loc":{"start":{"line":36,"column":8},"end":{"line":47,"column":9}},"type":"if","locations":[{"start":{"line":36,"column":8},"end":{"line":47,"column":9}},{"start":{"line":39,"column":15},"end":{"line":47,"column":9}}],"line":36}},"s":{"0":0,"1":0,"2":0,"3":0,"4":0,"5":0,"6":0,"7":0,"8":0,"9":0,"10":0,"11":0,"12":0,"13":0,"14":0,"15":0,"16":0,"17":0,"18":0,"19":0,"20":0,"21":0,"22":0},"f":{"0":0,"1":0,"2":0,"3":0},"b":{"0":[0,0],"1":[0,0],"2":[0,0],"3":[0,0]}}
,"C:\\Users\\Zayaan\\Documents\\Uni\\3rdYear\\SoftwareDevelopment\\SkillVerse Project\\freelancer-management-platform\\backend\\controllers\\serviceRequestController.js": {"path":"C:\\Users\\Zayaan\\Documents\\Uni\\3rdYear\\SoftwareDevelopment\\SkillVerse Project\\freelancer-management-platform\\backend\\controllers\\serviceRequestController.js","statementMap":{"0":{"start":{"line":2,"column":23},"end":{"line":2,"column":58}},"1":{"start":{"line":4,"column":29},"end":{"line":28,"column":1}},"2":{"start":{"line":5,"column":36},"end":{"line":5,"column":44}},"3":{"start":{"line":8,"column":28},"end":{"line":12,"column":4}},"4":{"start":{"line":15,"column":2},"end":{"line":27,"column":7}},"5":{"start":{"line":18,"column":6},"end":{"line":21,"column":9}},"6":{"start":{"line":24,"column":6},"end":{"line":26,"column":68}},"7":{"start":{"line":30,"column":0},"end":{"line":30,"column":42}}},"fnMap":{"0":{"name":"(anonymous_0)","decl":{"start":{"line":4,"column":29},"end":{"line":4,"column":30}},"loc":{"start":{"line":4,"column":43},"end":{"line":28,"column":1}},"line":4},"1":{"name":"(anonymous_1)","decl":{"start":{"line":17,"column":10},"end":{"line":17,"column":11}},"loc":{"start":{"line":17,"column":28},"end":{"line":22,"column":5}},"line":17},"2":{"name":"(anonymous_2)","decl":{"start":{"line":23,"column":11},"end":{"line":23,"column":12}},"loc":{"start":{"line":23,"column":22},"end":{"line":27,"column":5}},"line":23}},"branchMap":{},"s":{"0":1,"1":1,"2":3,"3":3,"4":3,"5":1,"6":2,"7":1},"f":{"0":3,"1":1,"2":2},"b":{},"_coverageSchema":"1a1c01bbd47fc00a2c39e90264f33305004495a9","hash":"1072b7cce2b0999bf91393a4d2d803a1add9807b"}
,"C:\\Users\\Zayaan\\Documents\\Uni\\3rdYear\\SoftwareDevelopment\\SkillVerse Project\\freelancer-management-platform\\backend\\controllers\\user_controller.js": {"path":"C:\\Users\\Zayaan\\Documents\\Uni\\3rdYear\\SoftwareDevelopment\\SkillVerse Project\\freelancer-management-platform\\backend\\controllers\\user_controller.js","statementMap":{"0":{"start":{"line":1,"column":17},"end":{"line":1,"column":36}},"1":{"start":{"line":2,"column":13},"end":{"line":2,"column":38}},"2":{"start":{"line":4,"column":16},"end":{"line":23,"column":1}},"3":{"start":{"line":5,"column":15},"end":{"line":5,"column":23}},"4":{"start":{"line":6,"column":2},"end":{"line":10,"column":3}},"5":{"start":{"line":7,"column":4},"end":{"line":9,"column":63}},"6":{"start":{"line":12,"column":18},"end":{"line":12,"column":32}},"7":{"start":{"line":14,"column":2},"end":{"line":22,"column":3}},"8":{"start":{"line":15,"column":4},"end":{"line":15,"column":25}},"9":{"start":{"line":16,"column":4},"end":{"line":18,"column":71}},"10":{"start":{"line":20,"column":4},"end":{"line":20,"column":59}},"11":{"start":{"line":21,"column":4},"end":{"line":21,"column":79}},"12":{"start":{"line":25,"column":19},"end":{"line":39,"column":1}},"13":{"start":{"line":26,"column":17},"end":{"line":26,"column":27}},"14":{"start":{"line":27,"column":15},"end":{"line":27,"column":23}},"15":{"start":{"line":29,"column":2},"end":{"line":31,"column":3}},"16":{"start":{"line":30,"column":4},"end":{"line":30,"column":79}},"17":{"start":{"line":33,"column":2},"end":{"line":38,"column":3}},"18":{"start":{"line":34,"column":24},"end":{"line":34,"column":77}},"19":{"start":{"line":35,"column":4},"end":{"line":35,"column":63}},"20":{"start":{"line":37,"column":4},"end":{"line":37,"column":79}},"21":{"start":{"line":42,"column":18},"end":{"line":50,"column":1}},"22":{"start":{"line":43,"column":2},"end":{"line":49,"column":3}},"23":{"start":{"line":45,"column":4},"end":{"line":45,"column":27}},"24":{"start":{"line":48,"column":4},"end":{"line":48,"column":11}},"25":{"start":{"line":53,"column":14},"end":{"line":55,"column":1}},"26":{"start":{"line":54,"column":2},"end":{"line":54,"column":57}},"27":{"start":{"line":56,"column":26},"end":{"line":71,"column":1}},"28":{"start":{"line":57,"column":2},"end":{"line":70,"column":3}},"29":{"start":{"line":58,"column":25},"end":{"line":58,"column":48}},"30":{"start":{"line":60,"column":23},"end":{"line":60,"column":56}},"31":{"start":{"line":62,"column":4},"end":{"line":64,"column":5}},"32":{"start":{"line":63,"column":6},"end":{"line":63,"column":71}},"33":{"start":{"line":66,"column":4},"end":{"line":66,"column":37}},"34":{"start":{"line":68,"column":4},"end":{"line":68,"column":25}},"35":{"start":{"line":69,"column":4},"end":{"line":69,"column":54}},"36":{"start":{"line":73,"column":0},"end":{"line":73,"column":78}}},"fnMap":{"0":{"name":"(anonymous_0)","decl":{"start":{"line":4,"column":16},"end":{"line":4,"column":17}},"loc":{"start":{"line":4,"column":36},"end":{"line":23,"column":1}},"line":4},"1":{"name":"(anonymous_1)","decl":{"start":{"line":25,"column":19},"end":{"line":25,"column":20}},"loc":{"start":{"line":25,"column":39},"end":{"line":39,"column":1}},"line":25},"2":{"name":"(anonymous_2)","decl":{"start":{"line":42,"column":18},"end":{"line":42,"column":19}},"loc":{"start":{"line":42,"column":38},"end":{"line":50,"column":1}},"line":42},"3":{"name":"(anonymous_3)","decl":{"start":{"line":53,"column":14},"end":{"line":53,"column":15}},"loc":{"start":{"line":53,"column":34},"end":{"line":55,"column":1}},"line":53},"4":{"name":"(anonymous_4)","decl":{"start":{"line":56,"column":26},"end":{"line":56,"column":27}},"loc":{"start":{"line":56,"column":46},"end":{"line":71,"column":1}},"line":56}},"branchMap":{"0":{"loc":{"start":{"line":6,"column":2},"end":{"line":10,"column":3}},"type":"if","locations":[{"start":{"line":6,"column":2},"end":{"line":10,"column":3}},{"start":{},"end":{}}],"line":6},"1":{"loc":{"start":{"line":6,"column":6},"end":{"line":6,"column":52}},"type":"binary-expr","locations":[{"start":{"line":6,"column":6},"end":{"line":6,"column":20}},{"start":{"line":6,"column":24},"end":{"line":6,"column":38}},{"start":{"line":6,"column":42},"end":{"line":6,"column":52}}],"line":6},"2":{"loc":{"start":{"line":29,"column":2},"end":{"line":31,"column":3}},"type":"if","locations":[{"start":{"line":29,"column":2},"end":{"line":31,"column":3}},{"start":{},"end":{}}],"line":29},"3":{"loc":{"start":{"line":43,"column":2},"end":{"line":49,"column":3}},"type":"if","locations":[{"start":{"line":43,"column":2},"end":{"line":49,"column":3}},{"start":{"line":46,"column":9},"end":{"line":49,"column":3}}],"line":43},"4":{"loc":{"start":{"line":62,"column":4},"end":{"line":64,"column":5}},"type":"if","locations":[{"start":{"line":62,"column":4},"end":{"line":64,"column":5}},{"start":{},"end":{}}],"line":62}},"s":{"0":2,"1":2,"2":2,"3":2,"4":2,"5":1,"6":1,"7":1,"8":1,"9":1,"10":0,"11":0,"12":2,"13":3,"14":3,"15":3,"16":1,"17":2,"18":2,"19":1,"20":1,"21":2,"22":2,"23":1,"24":1,"25":2,"26":1,"27":2,"28":0,"29":0,"30":0,"31":0,"32":0,"33":0,"34":0,"35":0,"36":2},"f":{"0":2,"1":3,"2":2,"3":1,"4":0},"b":{"0":[1,1],"1":[2,1,1],"2":[1,2],"3":[1,1],"4":[0,0]},"_coverageSchema":"1a1c01bbd47fc00a2c39e90264f33305004495a9","hash":"85e77f878972a6d77bfe59ef81ce74be475bf7eb"}
,"C:\\Users\\Zayaan\\Documents\\Uni\\3rdYear\\SoftwareDevelopment\\SkillVerse Project\\freelancer-management-platform\\backend\\models\\Application.js": {"path":"C:\\Users\\Zayaan\\Documents\\Uni\\3rdYear\\SoftwareDevelopment\\SkillVerse Project\\freelancer-management-platform\\backend\\models\\Application.js","statementMap":{"0":{"start":{"line":1,"column":17},"end":{"line":1,"column":36}},"1":{"start":{"line":3,"column":26},"end":{"line":31,"column":2}},"2":{"start":{"line":33,"column":0},"end":{"line":33,"column":66}}},"fnMap":{},"branchMap":{},"s":{"0":5,"1":5,"2":5},"f":{},"b":{},"_coverageSchema":"1a1c01bbd47fc00a2c39e90264f33305004495a9","hash":"20a1f051835ab153d36adaa0d19657b936b1d43e"}
,"C:\\Users\\Zayaan\\Documents\\Uni\\3rdYear\\SoftwareDevelopment\\SkillVerse Project\\freelancer-management-platform\\backend\\models\\ProfileDetails.js": {"path":"C:\\Users\\Zayaan\\Documents\\Uni\\3rdYear\\SoftwareDevelopment\\SkillVerse Project\\freelancer-management-platform\\backend\\models\\ProfileDetails.js","statementMap":{"0":{"start":{"line":1,"column":17},"end":{"line":1,"column":36}},"1":{"start":{"line":3,"column":22},"end":{"line":34,"column":1}},"2":{"start":{"line":37,"column":0},"end":{"line":37,"column":65}}},"fnMap":{},"branchMap":{},"s":{"0":2,"1":2,"2":2},"f":{},"b":{},"_coverageSchema":"1a1c01bbd47fc00a2c39e90264f33305004495a9","hash":"5cc00187593fba4377a7fb77c8c19781ef0a596e"}
,"C:\\Users\\Zayaan\\Documents\\Uni\\3rdYear\\SoftwareDevelopment\\SkillVerse Project\\freelancer-management-platform\\backend\\models\\RoleChange.js": {"path":"C:\\Users\\Zayaan\\Documents\\Uni\\3rdYear\\SoftwareDevelopment\\SkillVerse Project\\freelancer-management-platform\\backend\\models\\RoleChange.js","statementMap":{"0":{"start":{"line":1,"column":17},"end":{"line":1,"column":36}},"1":{"start":{"line":3,"column":25},"end":{"line":31,"column":1}},"2":{"start":{"line":34,"column":0},"end":{"line":34,"column":67}}},"fnMap":{},"branchMap":{},"s":{"0":2,"1":2,"2":2},"f":{},"b":{},"_coverageSchema":"1a1c01bbd47fc00a2c39e90264f33305004495a9","hash":"4ff42f86c1150d200c622d23f4303786ed44f037"}
,"C:\\Users\\Zayaan\\Documents\\Uni\\3rdYear\\SoftwareDevelopment\\SkillVerse Project\\freelancer-management-platform\\backend\\models\\ServiceRequest.js": {"path":"C:\\Users\\Zayaan\\Documents\\Uni\\3rdYear\\SoftwareDevelopment\\SkillVerse Project\\freelancer-management-platform\\backend\\models\\ServiceRequest.js","statementMap":{"0":{"start":{"line":1,"column":17},"end":{"line":1,"column":36}},"1":{"start":{"line":3,"column":29},"end":{"line":32,"column":1}},"2":{"start":{"line":34,"column":0},"end":{"line":34,"column":72}}},"fnMap":{},"branchMap":{},"s":{"0":6,"1":6,"2":6},"f":{},"b":{},"_coverageSchema":"1a1c01bbd47fc00a2c39e90264f33305004495a9","hash":"5e38026d86888ad951bda46589a5a7b6b0058d31"}
,"C:\\Users\\Zayaan\\Documents\\Uni\\3rdYear\\SoftwareDevelopment\\SkillVerse Project\\freelancer-management-platform\\backend\\models\\User.js": {"path":"C:\\Users\\Zayaan\\Documents\\Uni\\3rdYear\\SoftwareDevelopment\\SkillVerse Project\\freelancer-management-platform\\backend\\models\\User.js","statementMap":{"0":{"start":{"line":1,"column":17},"end":{"line":1,"column":36}},"1":{"start":{"line":3,"column":19},"end":{"line":26,"column":1}},"2":{"start":{"line":29,"column":0},"end":{"line":29,"column":52}}},"fnMap":{},"branchMap":{},"s":{"0":5,"1":5,"2":5},"f":{},"b":{},"_coverageSchema":"1a1c01bbd47fc00a2c39e90264f33305004495a9","hash":"7eb66f626114004893a83059728ebad1ff1b7904"}
,"C:\\Users\\Zayaan\\Documents\\Uni\\3rdYear\\SoftwareDevelopment\\SkillVerse Project\\freelancer-management-platform\\backend\\routes\\application-routes.js": {"path":"C:\\Users\\Zayaan\\Documents\\Uni\\3rdYear\\SoftwareDevelopment\\SkillVerse Project\\freelancer-management-platform\\backend\\routes\\application-routes.js","statementMap":{"0":{"start":{"line":1,"column":16},"end":{"line":1,"column":34}},"1":{"start":{"line":2,"column":20},"end":{"line":2,"column":52}},"2":{"start":{"line":3,"column":23},"end":{"line":3,"column":58}},"3":{"start":{"line":4,"column":15},"end":{"line":4,"column":31}},"4":{"start":{"line":7,"column":0},"end":{"line":19,"column":3}},"5":{"start":{"line":8,"column":20},"end":{"line":8,"column":30}},"6":{"start":{"line":9,"column":2},"end":{"line":18,"column":3}},"7":{"start":{"line":10,"column":25},"end":{"line":12,"column":13}},"8":{"start":{"line":14,"column":4},"end":{"line":14,"column":39}},"9":{"start":{"line":16,"column":4},"end":{"line":16,"column":25}},"10":{"start":{"line":17,"column":4},"end":{"line":17,"column":69}},"11":{"start":{"line":21,"column":0},"end":{"line":55,"column":3}},"12":{"start":{"line":22,"column":28},"end":{"line":22,"column":38}},"13":{"start":{"line":24,"column":2},"end":{"line":54,"column":3}},"14":{"start":{"line":26,"column":24},"end":{"line":26,"column":65}},"15":{"start":{"line":28,"column":4},"end":{"line":30,"column":5}},"16":{"start":{"line":29,"column":6},"end":{"line":29,"column":72}},"17":{"start":{"line":32,"column":4},"end":{"line":34,"column":5}},"18":{"start":{"line":33,"column":6},"end":{"line":33,"column":79}},"19":{"start":{"line":37,"column":4},"end":{"line":37,"column":36}},"20":{"start":{"line":38,"column":4},"end":{"line":38,"column":29}},"21":{"start":{"line":41,"column":27},"end":{"line":41,"column":75}},"22":{"start":{"line":42,"column":4},"end":{"line":44,"column":5}},"23":{"start":{"line":43,"column":6},"end":{"line":43,"column":76}},"24":{"start":{"line":46,"column":4},"end":{"line":46,"column":59}},"25":{"start":{"line":47,"column":4},"end":{"line":47,"column":42}},"26":{"start":{"line":48,"column":4},"end":{"line":48,"column":32}},"27":{"start":{"line":50,"column":4},"end":{"line":50,"column":69}},"28":{"start":{"line":52,"column":4},"end":{"line":52,"column":25}},"29":{"start":{"line":53,"column":4},"end":{"line":53,"column":69}},"30":{"start":{"line":57,"column":0},"end":{"line":57,"column":24}}},"fnMap":{"0":{"name":"(anonymous_0)","decl":{"start":{"line":7,"column":27},"end":{"line":7,"column":28}},"loc":{"start":{"line":7,"column":47},"end":{"line":19,"column":1}},"line":7},"1":{"name":"(anonymous_1)","decl":{"start":{"line":21,"column":43},"end":{"line":21,"column":44}},"loc":{"start":{"line":21,"column":63},"end":{"line":55,"column":1}},"line":21}},"branchMap":{"0":{"loc":{"start":{"line":28,"column":4},"end":{"line":30,"column":5}},"type":"if","locations":[{"start":{"line":28,"column":4},"end":{"line":30,"column":5}},{"start":{},"end":{}}],"line":28},"1":{"loc":{"start":{"line":32,"column":4},"end":{"line":34,"column":5}},"type":"if","locations":[{"start":{"line":32,"column":4},"end":{"line":34,"column":5}},{"start":{},"end":{}}],"line":32},"2":{"loc":{"start":{"line":42,"column":4},"end":{"line":44,"column":5}},"type":"if","locations":[{"start":{"line":42,"column":4},"end":{"line":44,"column":5}},{"start":{},"end":{}}],"line":42}},"s":{"0":2,"1":2,"2":2,"3":2,"4":2,"5":2,"6":2,"7":2,"8":1,"9":1,"10":1,"11":2,"12":5,"13":5,"14":5,"15":4,"16":1,"17":3,"18":1,"19":2,"20":2,"21":2,"22":2,"23":1,"24":1,"25":1,"26":1,"27":1,"28":1,"29":1,"30":2},"f":{"0":2,"1":5},"b":{"0":[1,3],"1":[1,2],"2":[1,1]},"_coverageSchema":"1a1c01bbd47fc00a2c39e90264f33305004495a9","hash":"b5f9b36163c730f8023ceadeef750181ad4bf7c6"}
,"C:\\Users\\Zayaan\\Documents\\Uni\\3rdYear\\SoftwareDevelopment\\SkillVerse Project\\freelancer-management-platform\\backend\\routes\\auth-routes.js": {"path":"C:\\Users\\Zayaan\\Documents\\Uni\\3rdYear\\SoftwareDevelopment\\SkillVerse Project\\freelancer-management-platform\\backend\\routes\\auth-routes.js","statementMap":{"0":{"start":{"line":1,"column":15},"end":{"line":1,"column":42}},"1":{"start":{"line":2,"column":17},"end":{"line":2,"column":36}},"2":{"start":{"line":5,"column":2},"end":{"line":7,"column":29}},"3":{"start":{"line":10,"column":0},"end":{"line":31,"column":3}},"4":{"start":{"line":11,"column":2},"end":{"line":11,"column":73}},"5":{"start":{"line":12,"column":2},"end":{"line":30,"column":5}},"6":{"start":{"line":13,"column":4},"end":{"line":16,"column":5}},"7":{"start":{"line":14,"column":6},"end":{"line":14,"column":42}},"8":{"start":{"line":15,"column":6},"end":{"line":15,"column":55}},"9":{"start":{"line":17,"column":4},"end":{"line":29,"column":7}},"10":{"start":{"line":19,"column":6},"end":{"line":22,"column":7}},"11":{"start":{"line":20,"column":8},"end":{"line":20,"column":57}},"12":{"start":{"line":21,"column":8},"end":{"line":21,"column":64}},"13":{"start":{"line":23,"column":6},"end":{"line":27,"column":9}},"14":{"start":{"line":28,"column":6},"end":{"line":28,"column":48}},"15":{"start":{"line":34,"column":0},"end":{"line":39,"column":2}},"16":{"start":{"line":42,"column":0},"end":{"line":54,"column":3}},"17":{"start":{"line":44,"column":2},"end":{"line":44,"column":24}},"18":{"start":{"line":45,"column":20},"end":{"line":45,"column":48}},"19":{"start":{"line":47,"column":2},"end":{"line":53,"column":3}},"20":{"start":{"line":48,"column":4},"end":{"line":48,"column":65}},"21":{"start":{"line":51,"column":22},"end":{"line":51,"column":35}},"22":{"start":{"line":52,"column":4},"end":{"line":52,"column":54}},"23":{"start":{"line":56,"column":0},"end":{"line":66,"column":3}},"24":{"start":{"line":57,"column":2},"end":{"line":57,"column":38}},"25":{"start":{"line":58,"column":2},"end":{"line":58,"column":44}},"26":{"start":{"line":61,"column":2},"end":{"line":65,"column":3}},"27":{"start":{"line":62,"column":4},"end":{"line":62,"column":35}},"28":{"start":{"line":64,"column":4},"end":{"line":64,"column":59}},"29":{"start":{"line":68,"column":0},"end":{"line":68,"column":24}}},"fnMap":{"0":{"name":"(anonymous_0)","decl":{"start":{"line":10,"column":22},"end":{"line":10,"column":23}},"loc":{"start":{"line":10,"column":36},"end":{"line":31,"column":1}},"line":10},"1":{"name":"(anonymous_1)","decl":{"start":{"line":12,"column":13},"end":{"line":12,"column":14}},"loc":{"start":{"line":12,"column":22},"end":{"line":30,"column":3}},"line":12},"2":{"name":"(anonymous_2)","decl":{"start":{"line":17,"column":24},"end":{"line":17,"column":25}},"loc":{"start":{"line":17,"column":33},"end":{"line":29,"column":5}},"line":17},"3":{"name":"(anonymous_3)","decl":{"start":{"line":42,"column":64},"end":{"line":42,"column":65}},"loc":{"start":{"line":42,"column":78},"end":{"line":54,"column":1}},"line":42},"4":{"name":"(anonymous_4)","decl":{"start":{"line":56,"column":18},"end":{"line":56,"column":19}},"loc":{"start":{"line":56,"column":32},"end":{"line":66,"column":1}},"line":56}},"branchMap":{"0":{"loc":{"start":{"line":5,"column":2},"end":{"line":7,"column":29}},"type":"cond-expr","locations":[{"start":{"line":6,"column":6},"end":{"line":6,"column":30}},{"start":{"line":7,"column":6},"end":{"line":7,"column":29}}],"line":5},"1":{"loc":{"start":{"line":13,"column":4},"end":{"line":16,"column":5}},"type":"if","locations":[{"start":{"line":13,"column":4},"end":{"line":16,"column":5}},{"start":{},"end":{}}],"line":13},"2":{"loc":{"start":{"line":19,"column":6},"end":{"line":22,"column":7}},"type":"if","locations":[{"start":{"line":19,"column":6},"end":{"line":22,"column":7}},{"start":{},"end":{}}],"line":19},"3":{"loc":{"start":{"line":47,"column":2},"end":{"line":53,"column":3}},"type":"if","locations":[{"start":{"line":47,"column":2},"end":{"line":53,"column":3}},{"start":{"line":50,"column":9},"end":{"line":53,"column":3}}],"line":47},"4":{"loc":{"start":{"line":61,"column":2},"end":{"line":65,"column":3}},"type":"if","locations":[{"start":{"line":61,"column":2},"end":{"line":65,"column":3}},{"start":{"line":63,"column":9},"end":{"line":65,"column":3}}],"line":61}},"s":{"0":1,"1":1,"2":1,"3":1,"4":0,"5":0,"6":0,"7":0,"8":0,"9":0,"10":0,"11":0,"12":0,"13":0,"14":0,"15":1,"16":1,"17":0,"18":0,"19":0,"20":0,"21":0,"22":0,"23":1,"24":0,"25":0,"26":0,"27":0,"28":0,"29":1},"f":{"0":0,"1":0,"2":0,"3":0,"4":0},"b":{"0":[0,1],"1":[0,0],"2":[0,0],"3":[0,0],"4":[0,0]},"_coverageSchema":"1a1c01bbd47fc00a2c39e90264f33305004495a9","hash":"988ed06df185a0f5c09f4b01fb48214fb93d380b"}
,"C:\\Users\\Zayaan\\Documents\\Uni\\3rdYear\\SoftwareDevelopment\\SkillVerse Project\\freelancer-management-platform\\backend\\routes\\payment-routes.js": {"path":"C:\\Users\\Zayaan\\Documents\\Uni\\3rdYear\\SoftwareDevelopment\\SkillVerse Project\\freelancer-management-platform\\backend\\routes\\payment-routes.js","statementMap":{"0":{"start":{"line":1,"column":16},"end":{"line":1,"column":34}},"1":{"start":{"line":2,"column":0},"end":{"line":2,"column":27}},"2":{"start":{"line":3,"column":14},"end":{"line":3,"column":30}},"3":{"start":{"line":4,"column":15},"end":{"line":4,"column":31}},"4":{"start":{"line":6,"column":0},"end":{"line":42,"column":3}},"5":{"start":{"line":7,"column":28},"end":{"line":7,"column":36}},"6":{"start":{"line":9,"column":2},"end":{"line":11,"column":3}},"7":{"start":{"line":10,"column":4},"end":{"line":10,"column":76}},"8":{"start":{"line":13,"column":2},"end":{"line":41,"column":3}},"9":{"start":{"line":15,"column":29},"end":{"line":28,"column":5}},"10":{"start":{"line":30,"column":4},"end":{"line":30,"column":61}},"11":{"start":{"line":31,"column":4},"end":{"line":37,"column":5}},"12":{"start":{"line":32,"column":6},"end":{"line":32,"column":78}},"13":{"start":{"line":34,"column":6},"end":{"line":36,"column":68}},"14":{"start":{"line":39,"column":4},"end":{"line":39,"column":53}},"15":{"start":{"line":40,"column":4},"end":{"line":40,"column":61}},"16":{"start":{"line":44,"column":0},"end":{"line":44,"column":24}}},"fnMap":{"0":{"name":"(anonymous_0)","decl":{"start":{"line":6,"column":40},"end":{"line":6,"column":41}},"loc":{"start":{"line":6,"column":60},"end":{"line":42,"column":1}},"line":6}},"branchMap":{"0":{"loc":{"start":{"line":9,"column":2},"end":{"line":11,"column":3}},"type":"if","locations":[{"start":{"line":9,"column":2},"end":{"line":11,"column":3}},{"start":{},"end":{}}],"line":9},"1":{"loc":{"start":{"line":9,"column":6},"end":{"line":9,"column":23}},"type":"binary-expr","locations":[{"start":{"line":9,"column":6},"end":{"line":9,"column":12}},{"start":{"line":9,"column":16},"end":{"line":9,"column":23}}],"line":9},"2":{"loc":{"start":{"line":31,"column":4},"end":{"line":37,"column":5}},"type":"if","locations":[{"start":{"line":31,"column":4},"end":{"line":37,"column":5}},{"start":{"line":33,"column":11},"end":{"line":37,"column":5}}],"line":31}},"s":{"0":2,"1":2,"2":2,"3":2,"4":2,"5":4,"6":4,"7":1,"8":3,"9":3,"10":2,"11":2,"12":1,"13":1,"14":1,"15":1,"16":2},"f":{"0":4},"b":{"0":[1,3],"1":[4,3],"2":[1,1]},"_coverageSchema":"1a1c01bbd47fc00a2c39e90264f33305004495a9","hash":"328a4bbeba19ce7f6dca1b5b639ddb93210a86c8"}
,"C:\\Users\\Zayaan\\Documents\\Uni\\3rdYear\\SoftwareDevelopment\\SkillVerse Project\\freelancer-management-platform\\backend\\routes\\service-request-routes.js": {"path":"C:\\Users\\Zayaan\\Documents\\Uni\\3rdYear\\SoftwareDevelopment\\SkillVerse Project\\freelancer-management-platform\\backend\\routes\\service-request-routes.js","statementMap":{"0":{"start":{"line":1,"column":16},"end":{"line":1,"column":34}},"1":{"start":{"line":2,"column":23},"end":{"line":2,"column":58}},"2":{"start":{"line":3,"column":13},"end":{"line":3,"column":38}},"3":{"start":{"line":4,"column":20},"end":{"line":4,"column":52}},"4":{"start":{"line":5,"column":15},"end":{"line":5,"column":31}},"5":{"start":{"line":8,"column":0},"end":{"line":40,"column":3}},"6":{"start":{"line":9,"column":36},"end":{"line":9,"column":44}},"7":{"start":{"line":11,"column":2},"end":{"line":39,"column":3}},"8":{"start":{"line":13,"column":4},"end":{"line":13,"column":48}},"9":{"start":{"line":15,"column":19},"end":{"line":15,"column":72}},"10":{"start":{"line":20,"column":4},"end":{"line":22,"column":5}},"11":{"start":{"line":21,"column":6},"end":{"line":21,"column":67}},"12":{"start":{"line":24,"column":30},"end":{"line":27,"column":6}},"13":{"start":{"line":29,"column":4},"end":{"line":29,"column":35}},"14":{"start":{"line":30,"column":4},"end":{"line":33,"column":7}},"15":{"start":{"line":35,"column":4},"end":{"line":35,"column":25}},"16":{"start":{"line":36,"column":4},"end":{"line":38,"column":77}},"17":{"start":{"line":41,"column":0},"end":{"line":57,"column":3}},"18":{"start":{"line":42,"column":2},"end":{"line":56,"column":3}},"19":{"start":{"line":43,"column":21},"end":{"line":48,"column":13}},"20":{"start":{"line":50,"column":4},"end":{"line":50,"column":35}},"21":{"start":{"line":52,"column":4},"end":{"line":52,"column":25}},"22":{"start":{"line":53,"column":4},"end":{"line":55,"column":70}},"23":{"start":{"line":60,"column":0},"end":{"line":108,"column":3}},"24":{"start":{"line":61,"column":54},"end":{"line":61,"column":62}},"25":{"start":{"line":63,"column":2},"end":{"line":107,"column":3}},"26":{"start":{"line":64,"column":23},"end":{"line":67,"column":6}},"27":{"start":{"line":68,"column":4},"end":{"line":70,"column":5}},"28":{"start":{"line":69,"column":6},"end":{"line":69,"column":71}},"29":{"start":{"line":72,"column":16},"end":{"line":72,"column":52}},"30":{"start":{"line":73,"column":4},"end":{"line":75,"column":5}},"31":{"start":{"line":74,"column":6},"end":{"line":74,"column":76}},"32":{"start":{"line":77,"column":4},"end":{"line":81,"column":5}},"33":{"start":{"line":78,"column":6},"end":{"line":80,"column":68}},"34":{"start":{"line":83,"column":32},"end":{"line":86,"column":6}},"35":{"start":{"line":87,"column":4},"end":{"line":91,"column":5}},"36":{"start":{"line":88,"column":6},"end":{"line":90,"column":68}},"37":{"start":{"line":93,"column":27},"end":{"line":98,"column":6}},"38":{"start":{"line":99,"column":4},"end":{"line":99,"column":32}},"39":{"start":{"line":101,"column":4},"end":{"line":103,"column":79}},"40":{"start":{"line":105,"column":4},"end":{"line":105,"column":25}},"41":{"start":{"line":106,"column":4},"end":{"line":106,"column":76}},"42":{"start":{"line":110,"column":0},"end":{"line":126,"column":3}},"43":{"start":{"line":111,"column":17},"end":{"line":111,"column":27}},"44":{"start":{"line":112,"column":2},"end":{"line":125,"column":3}},"45":{"start":{"line":113,"column":17},"end":{"line":116,"column":13}},"46":{"start":{"line":117,"column":4},"end":{"line":119,"column":5}},"47":{"start":{"line":118,"column":6},"end":{"line":118,"column":64}},"48":{"start":{"line":120,"column":4},"end":{"line":120,"column":39}},"49":{"start":{"line":121,"column":4},"end":{"line":121,"column":31}},"50":{"start":{"line":123,"column":4},"end":{"line":123,"column":25}},"51":{"start":{"line":124,"column":4},"end":{"line":124,"column":68}},"52":{"start":{"line":128,"column":0},"end":{"line":128,"column":24}}},"fnMap":{"0":{"name":"(anonymous_0)","decl":{"start":{"line":8,"column":23},"end":{"line":8,"column":24}},"loc":{"start":{"line":8,"column":43},"end":{"line":40,"column":1}},"line":8},"1":{"name":"(anonymous_1)","decl":{"start":{"line":41,"column":19},"end":{"line":41,"column":20}},"loc":{"start":{"line":41,"column":39},"end":{"line":57,"column":1}},"line":41},"2":{"name":"(anonymous_2)","decl":{"start":{"line":60,"column":29},"end":{"line":60,"column":30}},"loc":{"start":{"line":60,"column":49},"end":{"line":108,"column":1}},"line":60},"3":{"name":"(anonymous_3)","decl":{"start":{"line":110,"column":24},"end":{"line":110,"column":25}},"loc":{"start":{"line":110,"column":44},"end":{"line":126,"column":1}},"line":110}},"branchMap":{"0":{"loc":{"start":{"line":20,"column":4},"end":{"line":22,"column":5}},"type":"if","locations":[{"start":{"line":20,"column":4},"end":{"line":22,"column":5}},{"start":{},"end":{}}],"line":20},"1":{"loc":{"start":{"line":68,"column":4},"end":{"line":70,"column":5}},"type":"if","locations":[{"start":{"line":68,"column":4},"end":{"line":70,"column":5}},{"start":{},"end":{}}],"line":68},"2":{"loc":{"start":{"line":73,"column":4},"end":{"line":75,"column":5}},"type":"if","locations":[{"start":{"line":73,"column":4},"end":{"line":75,"column":5}},{"start":{},"end":{}}],"line":73},"3":{"loc":{"start":{"line":77,"column":4},"end":{"line":81,"column":5}},"type":"if","locations":[{"start":{"line":77,"column":4},"end":{"line":81,"column":5}},{"start":{},"end":{}}],"line":77},"4":{"loc":{"start":{"line":87,"column":4},"end":{"line":91,"column":5}},"type":"if","locations":[{"start":{"line":87,"column":4},"end":{"line":91,"column":5}},{"start":{},"end":{}}],"line":87},"5":{"loc":{"start":{"line":117,"column":4},"end":{"line":119,"column":5}},"type":"if","locations":[{"start":{"line":117,"column":4},"end":{"line":119,"column":5}},{"start":{},"end":{}}],"line":117}},"s":{"0":4,"1":4,"2":4,"3":4,"4":4,"5":4,"6":7,"7":7,"8":7,"9":7,"10":6,"11":3,"12":3,"13":3,"14":3,"15":1,"16":1,"17":4,"18":6,"19":6,"20":2,"21":4,"22":4,"23":4,"24":12,"25":12,"26":12,"27":10,"28":2,"29":8,"30":8,"31":2,"32":6,"33":2,"34":4,"35":4,"36":2,"37":2,"38":2,"39":2,"40":2,"41":2,"42":4,"43":0,"44":0,"45":0,"46":0,"47":0,"48":0,"49":0,"50":0,"51":0,"52":4},"f":{"0":7,"1":6,"2":12,"3":0},"b":{"0":[3,3],"1":[2,8],"2":[2,6],"3":[2,4],"4":[2,2],"5":[0,0]},"_coverageSchema":"1a1c01bbd47fc00a2c39e90264f33305004495a9","hash":"be3f5d9dedd4afaa2289632479b172428b00fe01"}
,"C:\\Users\\Zayaan\\Documents\\Uni\\3rdYear\\SoftwareDevelopment\\SkillVerse Project\\freelancer-management-platform\\backend\\routes\\user-routes.js": {"path":"C:\\Users\\Zayaan\\Documents\\Uni\\3rdYear\\SoftwareDevelopment\\SkillVerse Project\\freelancer-management-platform\\backend\\routes\\user-routes.js","statementMap":{"0":{"start":{"line":1,"column":16},"end":{"line":1,"column":34}},"1":{"start":{"line":7,"column":4},"end":{"line":7,"column":45}},"2":{"start":{"line":8,"column":15},"end":{"line":8,"column":31}},"3":{"start":{"line":9,"column":13},"end":{"line":9,"column":38}},"4":{"start":{"line":10,"column":22},"end":{"line":10,"column":53}},"5":{"start":{"line":11,"column":23},"end":{"line":11,"column":58}},"6":{"start":{"line":14,"column":0},"end":{"line":14,"column":42}},"7":{"start":{"line":16,"column":0},"end":{"line":16,"column":26}},"8":{"start":{"line":18,"column":0},"end":{"line":18,"column":31}},"9":{"start":{"line":21,"column":0},"end":{"line":58,"column":3}},"10":{"start":{"line":22,"column":2},"end":{"line":22,"column":40}},"11":{"start":{"line":23,"column":2},"end":{"line":23,"column":32}},"12":{"start":{"line":24,"column":64},"end":{"line":24,"column":72}},"13":{"start":{"line":26,"column":2},"end":{"line":57,"column":3}},"14":{"start":{"line":27,"column":25},"end":{"line":27,"column":58}},"15":{"start":{"line":29,"column":4},"end":{"line":31,"column":5}},"16":{"start":{"line":30,"column":6},"end":{"line":30,"column":65}},"17":{"start":{"line":33,"column":27},"end":{"line":48,"column":5}},"18":{"start":{"line":50,"column":4},"end":{"line":53,"column":7}},"19":{"start":{"line":55,"column":4},"end":{"line":55,"column":56}},"20":{"start":{"line":56,"column":4},"end":{"line":56,"column":54}},"21":{"start":{"line":61,"column":0},"end":{"line":80,"column":3}},"22":{"start":{"line":62,"column":19},"end":{"line":62,"column":27}},"23":{"start":{"line":64,"column":2},"end":{"line":66,"column":3}},"24":{"start":{"line":65,"column":4},"end":{"line":65,"column":61}},"25":{"start":{"line":68,"column":2},"end":{"line":79,"column":3}},"26":{"start":{"line":69,"column":17},"end":{"line":73,"column":5}},"27":{"start":{"line":75,"column":4},"end":{"line":75,"column":69}},"28":{"start":{"line":77,"column":4},"end":{"line":77,"column":46}},"29":{"start":{"line":78,"column":4},"end":{"line":78,"column":54}},"30":{"start":{"line":83,"column":0},"end":{"line":121,"column":3}},"31":{"start":{"line":84,"column":2},"end":{"line":84,"column":58}},"32":{"start":{"line":85,"column":2},"end":{"line":85,"column":41}},"33":{"start":{"line":86,"column":2},"end":{"line":86,"column":34}},"34":{"start":{"line":87,"column":37},"end":{"line":87,"column":45}},"35":{"start":{"line":88,"column":15},"end":{"line":88,"column":23}},"36":{"start":{"line":89,"column":19},"end":{"line":89,"column":32}},"37":{"start":{"line":91,"column":2},"end":{"line":120,"column":3}},"38":{"start":{"line":92,"column":17},"end":{"line":92,"column":49}},"39":{"start":{"line":93,"column":4},"end":{"line":93,"column":72}},"40":{"start":{"line":93,"column":15},"end":{"line":93,"column":72}},"41":{"start":{"line":95,"column":4},"end":{"line":96,"column":79}},"42":{"start":{"line":96,"column":6},"end":{"line":96,"column":79}},"43":{"start":{"line":98,"column":28},"end":{"line":101,"column":6}},"44":{"start":{"line":102,"column":4},"end":{"line":106,"column":5}},"45":{"start":{"line":103,"column":6},"end":{"line":103,"column":52}},"46":{"start":{"line":104,"column":6},"end":{"line":104,"column":72}},"47":{"start":{"line":105,"column":6},"end":{"line":105,"column":13}},"48":{"start":{"line":108,"column":23},"end":{"line":114,"column":6}},"49":{"start":{"line":116,"column":4},"end":{"line":116,"column":28}},"50":{"start":{"line":117,"column":4},"end":{"line":117,"column":80}},"51":{"start":{"line":119,"column":4},"end":{"line":119,"column":52}},"52":{"start":{"line":124,"column":0},"end":{"line":138,"column":3}},"53":{"start":{"line":125,"column":2},"end":{"line":137,"column":3}},"54":{"start":{"line":126,"column":21},"end":{"line":128,"column":13}},"55":{"start":{"line":129,"column":4},"end":{"line":129,"column":47}},"56":{"start":{"line":131,"column":4},"end":{"line":131,"column":35}},"57":{"start":{"line":133,"column":4},"end":{"line":133,"column":25}},"58":{"start":{"line":134,"column":4},"end":{"line":136,"column":70}},"59":{"start":{"line":141,"column":0},"end":{"line":175,"column":3}},"60":{"start":{"line":142,"column":33},"end":{"line":142,"column":41}},"61":{"start":{"line":143,"column":2},"end":{"line":143,"column":66}},"62":{"start":{"line":144,"column":2},"end":{"line":174,"column":3}},"63":{"start":{"line":145,"column":20},"end":{"line":145,"column":75}},"64":{"start":{"line":146,"column":4},"end":{"line":148,"column":5}},"65":{"start":{"line":147,"column":6},"end":{"line":147,"column":66}},"66":{"start":{"line":150,"column":4},"end":{"line":152,"column":5}},"67":{"start":{"line":151,"column":6},"end":{"line":151,"column":74}},"68":{"start":{"line":154,"column":4},"end":{"line":163,"column":5}},"69":{"start":{"line":156,"column":6},"end":{"line":156,"column":49}},"70":{"start":{"line":157,"column":6},"end":{"line":157,"column":34}},"71":{"start":{"line":158,"column":6},"end":{"line":160,"column":9}},"72":{"start":{"line":162,"column":6},"end":{"line":162,"column":34}},"73":{"start":{"line":165,"column":4},"end":{"line":165,"column":35}},"74":{"start":{"line":166,"column":4},"end":{"line":166,"column":25}},"75":{"start":{"line":168,"column":4},"end":{"line":171,"column":7}},"76":{"start":{"line":173,"column":4},"end":{"line":173,"column":52}},"77":{"start":{"line":176,"column":30},"end":{"line":176,"column":71}},"78":{"start":{"line":178,"column":0},"end":{"line":178,"column":59}},"79":{"start":{"line":180,"column":0},"end":{"line":196,"column":3}},"80":{"start":{"line":181,"column":21},"end":{"line":181,"column":31}},"81":{"start":{"line":182,"column":2},"end":{"line":195,"column":3}},"82":{"start":{"line":183,"column":27},"end":{"line":185,"column":23}},"83":{"start":{"line":187,"column":4},"end":{"line":189,"column":5}},"84":{"start":{"line":188,"column":6},"end":{"line":188,"column":68}},"85":{"start":{"line":191,"column":4},"end":{"line":191,"column":41}},"86":{"start":{"line":193,"column":4},"end":{"line":193,"column":60}},"87":{"start":{"line":194,"column":4},"end":{"line":194,"column":61}},"88":{"start":{"line":198,"column":0},"end":{"line":198,"column":24}}},"fnMap":{"0":{"name":"(anonymous_0)","decl":{"start":{"line":21,"column":28},"end":{"line":21,"column":29}},"loc":{"start":{"line":21,"column":48},"end":{"line":58,"column":1}},"line":21},"1":{"name":"(anonymous_1)","decl":{"start":{"line":61,"column":36},"end":{"line":61,"column":37}},"loc":{"start":{"line":61,"column":56},"end":{"line":80,"column":1}},"line":61},"2":{"name":"(anonymous_2)","decl":{"start":{"line":83,"column":36},"end":{"line":83,"column":37}},"loc":{"start":{"line":83,"column":56},"end":{"line":121,"column":1}},"line":83},"3":{"name":"(anonymous_3)","decl":{"start":{"line":124,"column":26},"end":{"line":124,"column":27}},"loc":{"start":{"line":124,"column":46},"end":{"line":138,"column":1}},"line":124},"4":{"name":"(anonymous_4)","decl":{"start":{"line":141,"column":32},"end":{"line":141,"column":33}},"loc":{"start":{"line":141,"column":52},"end":{"line":175,"column":1}},"line":141},"5":{"name":"(anonymous_5)","decl":{"start":{"line":180,"column":31},"end":{"line":180,"column":32}},"loc":{"start":{"line":180,"column":51},"end":{"line":196,"column":1}},"line":180}},"branchMap":{"0":{"loc":{"start":{"line":29,"column":4},"end":{"line":31,"column":5}},"type":"if","locations":[{"start":{"line":29,"column":4},"end":{"line":31,"column":5}},{"start":{},"end":{}}],"line":29},"1":{"loc":{"start":{"line":64,"column":2},"end":{"line":66,"column":3}},"type":"if","locations":[{"start":{"line":64,"column":2},"end":{"line":66,"column":3}},{"start":{},"end":{}}],"line":64},"2":{"loc":{"start":{"line":93,"column":4},"end":{"line":93,"column":72}},"type":"if","locations":[{"start":{"line":93,"column":4},"end":{"line":93,"column":72}},{"start":{},"end":{}}],"line":93},"3":{"loc":{"start":{"line":95,"column":4},"end":{"line":96,"column":79}},"type":"if","locations":[{"start":{"line":95,"column":4},"end":{"line":96,"column":79}},{"start":{},"end":{}}],"line":95},"4":{"loc":{"start":{"line":102,"column":4},"end":{"line":106,"column":5}},"type":"if","locations":[{"start":{"line":102,"column":4},"end":{"line":106,"column":5}},{"start":{},"end":{}}],"line":102},"5":{"loc":{"start":{"line":146,"column":4},"end":{"line":148,"column":5}},"type":"if","locations":[{"start":{"line":146,"column":4},"end":{"line":148,"column":5}},{"start":{},"end":{}}],"line":146},"6":{"loc":{"start":{"line":150,"column":4},"end":{"line":152,"column":5}},"type":"if","locations":[{"start":{"line":150,"column":4},"end":{"line":152,"column":5}},{"start":{},"end":{}}],"line":150},"7":{"loc":{"start":{"line":154,"column":4},"end":{"line":163,"column":5}},"type":"if","locations":[{"start":{"line":154,"column":4},"end":{"line":163,"column":5}},{"start":{"line":161,"column":11},"end":{"line":163,"column":5}}],"line":154},"8":{"loc":{"start":{"line":187,"column":4},"end":{"line":189,"column":5}},"type":"if","locations":[{"start":{"line":187,"column":4},"end":{"line":189,"column":5}},{"start":{},"end":{}}],"line":187}},"s":{"0":2,"1":2,"2":2,"3":2,"4":2,"5":2,"6":2,"7":2,"8":2,"9":2,"10":0,"11":0,"12":0,"13":0,"14":0,"15":0,"16":0,"17":0,"18":0,"19":0,"20":0,"21":2,"22":2,"23":2,"24":1,"25":1,"26":1,"27":1,"28":0,"29":0,"30":2,"31":3,"32":3,"33":3,"34":3,"35":3,"36":3,"37":0,"38":0,"39":0,"40":0,"41":0,"42":0,"43":0,"44":0,"45":0,"46":0,"47":0,"48":0,"49":0,"50":0,"51":0,"52":2,"53":2,"54":2,"55":1,"56":1,"57":1,"58":1,"59":2,"60":3,"61":3,"62":3,"63":3,"64":0,"65":0,"66":0,"67":0,"68":0,"69":0,"70":0,"71":0,"72":0,"73":0,"74":0,"75":0,"76":3,"77":2,"78":2,"79":2,"80":0,"81":0,"82":0,"83":0,"84":0,"85":0,"86":0,"87":0,"88":2},"f":{"0":0,"1":2,"2":3,"3":2,"4":3,"5":0},"b":{"0":[0,0],"1":[1,1],"2":[0,0],"3":[0,0],"4":[0,0],"5":[0,0],"6":[0,0],"7":[0,0],"8":[0,0]},"_coverageSchema":"1a1c01bbd47fc00a2c39e90264f33305004495a9","hash":"a4bfdad712118954c802f17bc0b8472d2bd5eda5"}
}
