TN:
SF:server.js
FN:62,(anonymous_0)
FNF:1
FNH:1
FNDA:1,(anonymous_0)
DA:1,1
DA:2,1
DA:3,1
DA:4,1
DA:5,1
DA:7,1
DA:8,1
DA:9,1
DA:10,1
DA:11,1
DA:12,1
DA:15,1
DA:18,1
DA:24,1
DA:31,1
DA:35,1
DA:47,1
DA:48,1
DA:51,1
DA:52,1
DA:55,1
DA:58,1
DA:60,1
DA:62,1
DA:63,1
DA:64,1
DA:66,1
LF:27
LH:27
BRDA:60,0,0,1
BRDA:60,0,1,0
BRF:2
BRH:1
end_of_record
TN:
SF:configs\db-conn.js
FN:3,(anonymous_0)
FNF:1
FNH:0
FNDA:0,(anonymous_0)
DA:3,0
DA:4,0
DA:5,0
DA:6,0
DA:8,0
DA:9,0
LF:6
LH:0
BRF:0
BRH:0
end_of_record
TN:
SF:configs\passport-setup.js
FN:6,(anonymous_0)
FN:11,(anonymous_1)
FN:12,(anonymous_2)
FN:26,(anonymous_3)
FNF:4
FNH:0
FNDA:0,(anonymous_0)
FNDA:0,(anonymous_1)
FNDA:0,(anonymous_2)
FNDA:0,(anonymous_3)
DA:1,1
DA:2,1
DA:3,1
DA:6,1
DA:7,0
DA:11,1
DA:12,0
DA:14,0
DA:18,1
DA:34,0
DA:36,0
DA:38,0
DA:40,0
DA:43,0
DA:47,0
DA:48,0
DA:49,0
LF:17
LH:6
BRDA:36,0,0,0
BRDA:36,0,1,0
BRF:2
BRH:0
end_of_record
TN:
SF:controllers\serviceRequestController.js
FN:4,(anonymous_0)
FN:17,(anonymous_1)
FN:23,(anonymous_2)
FNF:3
FNH:3
FNDA:3,(anonymous_0)
FNDA:1,(anonymous_1)
FNDA:2,(anonymous_2)
DA:2,1
DA:4,1
DA:5,3
DA:8,3
DA:15,3
DA:18,1
DA:24,2
DA:30,1
LF:8
LH:8
BRF:0
BRH:0
end_of_record
TN:
SF:controllers\user_controller.js
FN:4,(anonymous_0)
FN:25,(anonymous_1)
FN:42,(anonymous_2)
FN:53,(anonymous_3)
FN:56,(anonymous_4)
FNF:5
FNH:4
FNDA:2,(anonymous_0)
FNDA:3,(anonymous_1)
FNDA:2,(anonymous_2)
FNDA:1,(anonymous_3)
FNDA:0,(anonymous_4)
DA:1,2
DA:2,2
DA:4,2
DA:5,2
DA:6,2
DA:7,1
DA:12,1
DA:14,1
DA:15,1
DA:16,1
DA:20,0
DA:21,0
DA:25,2
DA:26,3
DA:27,3
DA:29,3
DA:30,1
DA:33,2
DA:34,2
DA:35,1
DA:37,1
DA:42,2
DA:43,2
DA:45,1
DA:48,1
DA:53,2
DA:54,1
DA:56,2
DA:57,0
DA:58,0
DA:60,0
DA:62,0
DA:63,0
DA:66,0
DA:68,0
DA:69,0
DA:73,2
LF:37
LH:27
BRDA:6,0,0,1
BRDA:6,0,1,1
BRDA:6,1,0,2
BRDA:6,1,1,1
BRDA:6,1,2,1
BRDA:29,2,0,1
BRDA:29,2,1,2
BRDA:43,3,0,1
BRDA:43,3,1,1
BRDA:62,4,0,0
BRDA:62,4,1,0
BRF:11
BRH:9
end_of_record
TN:
SF:models\Application.js
FNF:0
FNH:0
DA:1,3
DA:3,3
DA:33,3
LF:3
LH:3
BRF:0
BRH:0
end_of_record
TN:
SF:models\RoleChange.js
FNF:0
FNH:0
DA:1,2
DA:3,2
DA:34,2
LF:3
LH:3
BRF:0
BRH:0
end_of_record
TN:
SF:models\ServiceRequest.js
FNF:0
FNH:0
DA:1,4
DA:3,4
DA:38,4
LF:3
LH:3
BRF:0
BRH:0
end_of_record
TN:
SF:models\User.js
FNF:0
FNH:0
DA:1,4
DA:3,4
DA:29,4
LF:3
LH:3
BRF:0
BRH:0
end_of_record
TN:
SF:routes\auth-routes.js
FN:12,(anonymous_0)
FN:17,(anonymous_1)
FN:31,(anonymous_2)
FN:46,(anonymous_3)
FNF:4
FNH:1
FNDA:1,(anonymous_0)
FNDA:0,(anonymous_1)
FNDA:0,(anonymous_2)
FNDA:0,(anonymous_3)
DA:1,1
DA:2,1
DA:12,1
DA:13,1
DA:17,1
DA:19,0
DA:23,1
DA:31,1
DA:34,0
DA:36,0
DA:37,0
DA:40,0
DA:41,0
DA:46,1
DA:48,0
DA:49,0
DA:51,0
DA:55,1
LF:18
LH:9
BRDA:36,0,0,0
BRDA:36,0,1,0
BRDA:48,1,0,0
BRDA:48,1,1,0
BRF:4
BRH:0
end_of_record
TN:
SF:routes\payment-routes.js
FN:6,(anonymous_0)
FNF:1
FNH:1
FNDA:4,(anonymous_0)
DA:1,2
DA:2,2
DA:3,2
DA:4,2
DA:6,2
DA:7,4
DA:9,4
DA:10,1
DA:13,3
DA:15,3
DA:26,2
DA:27,2
DA:28,1
DA:30,1
DA:33,1
DA:34,1
DA:38,2
LF:17
LH:17
BRDA:9,0,0,1
BRDA:9,0,1,3
BRDA:9,1,0,4
BRDA:9,1,1,3
BRDA:27,2,0,1
BRDA:27,2,1,1
BRF:6
BRH:6
end_of_record
TN:
SF:routes\service-request-routes.js
FN:8,(anonymous_0)
FN:41,(anonymous_1)
FN:60,(anonymous_2)
FN:110,(anonymous_3)
FNF:4
FNH:3
FNDA:5,(anonymous_0)
FNDA:3,(anonymous_1)
FNDA:6,(anonymous_2)
FNDA:0,(anonymous_3)
DA:1,3
DA:2,3
DA:3,3
DA:4,3
DA:5,3
DA:8,3
DA:9,5
DA:11,5
DA:13,5
DA:15,5
DA:20,4
DA:21,2
DA:24,2
DA:29,2
DA:30,2
DA:35,1
DA:36,1
DA:41,3
DA:42,3
DA:43,3
DA:50,1
DA:52,2
DA:53,2
DA:60,3
DA:61,6
DA:63,6
DA:64,6
DA:68,5
DA:69,1
DA:72,4
DA:73,4
DA:74,1
DA:77,3
DA:78,1
DA:83,2
DA:87,2
DA:88,1
DA:93,1
DA:99,1
DA:101,1
DA:105,1
DA:106,1
DA:110,3
DA:111,0
DA:112,0
DA:113,0
DA:116,0
DA:117,0
DA:119,0
DA:120,0
DA:122,0
DA:123,0
DA:127,3
LF:53
LH:44
BRDA:20,0,0,2
BRDA:20,0,1,2
BRDA:68,1,0,1
BRDA:68,1,1,4
BRDA:73,2,0,1
BRDA:73,2,1,3
BRDA:77,3,0,1
BRDA:77,3,1,2
BRDA:87,4,0,1
BRDA:87,4,1,1
BRDA:116,5,0,0
BRDA:116,5,1,0
BRF:12
BRH:10
end_of_record
TN:
SF:routes\user-routes.js
FN:20,(anonymous_0)
FN:41,(anonymous_1)
FN:82,(anonymous_2)
FN:99,(anonymous_3)
FNF:4
FNH:4
FNDA:2,(anonymous_0)
FNDA:3,(anonymous_1)
FNDA:2,(anonymous_2)
FNDA:3,(anonymous_3)
DA:1,2
DA:7,2
DA:8,2
DA:9,2
DA:10,2
DA:13,2
DA:15,2
DA:17,2
DA:20,2
DA:21,2
DA:23,2
DA:24,1
DA:27,1
DA:28,1
DA:33,1
DA:35,0
DA:36,0
DA:41,2
DA:42,3
DA:43,3
DA:44,3
DA:45,3
DA:46,3
DA:47,3
DA:49,0
DA:50,0
DA:51,0
DA:53,0
DA:54,0
DA:56,0
DA:60,0
DA:61,0
DA:62,0
DA:63,0
DA:66,0
DA:74,0
DA:75,0
DA:77,0
DA:82,2
DA:83,2
DA:84,2
DA:87,1
DA:89,1
DA:91,1
DA:92,1
DA:99,2
DA:100,3
DA:101,3
DA:102,3
DA:103,3
DA:104,0
DA:105,0
DA:108,0
DA:109,0
DA:112,0
DA:114,0
DA:115,0
DA:116,0
DA:120,0
DA:123,0
DA:124,0
DA:126,0
DA:131,3
DA:134,2
DA:136,2
DA:138,2
LF:66
LH:38
BRDA:23,0,0,1
BRDA:23,0,1,1
BRDA:51,1,0,0
BRDA:51,1,1,0
BRDA:53,2,0,0
BRDA:53,2,1,0
BRDA:60,3,0,0
BRDA:60,3,1,0
BRDA:104,4,0,0
BRDA:104,4,1,0
BRDA:108,5,0,0
BRDA:108,5,1,0
BRDA:112,6,0,0
BRDA:112,6,1,0
BRF:14
BRH:2
end_of_record
